<?xml version="1.0" encoding="UTF-8"?>
<testsuite name="zttc.itat.user.service.TestUserService" time="0.05" tests="2" errors="0" skipped="0" failures="0">
  <properties>
    <property name="java.runtime.name" value="Java(TM) SE Runtime Environment"/>
    <property name="sun.boot.library.path" value="D:\workLsx\jdk\jre\bin"/>
    <property name="java.vm.version" value="24.65-b04"/>
    <property name="java.vm.vendor" value="Oracle Corporation"/>
    <property name="maven.multiModuleProjectDirectory" value="$M2_HOME"/>
    <property name="java.vendor.url" value="http://java.oracle.com/"/>
    <property name="path.separator" value=";"/>
    <property name="guice.disable.misplaced.annotation.check" value="true"/>
    <property name="java.vm.name" value="Java HotSpot(TM) 64-Bit Server VM"/>
    <property name="file.encoding.pkg" value="sun.io"/>
    <property name="user.script" value=""/>
    <property name="user.country" value="CN"/>
    <property name="sun.java.launcher" value="SUN_STANDARD"/>
    <property name="sun.os.patch.level" value=""/>
    <property name="java.vm.specification.name" value="Java Virtual Machine Specification"/>
    <property name="user.dir" value="D:\b\maven002\user-service"/>
    <property name="java.runtime.version" value="1.7.0_67-b01"/>
    <property name="java.awt.graphicsenv" value="sun.awt.Win32GraphicsEnvironment"/>
    <property name="java.endorsed.dirs" value="D:\workLsx\jdk\jre\lib\endorsed"/>
    <property name="os.arch" value="amd64"/>
    <property name="java.io.tmpdir" value="C:\Users\dell\AppData\Local\Temp\"/>
    <property name="line.separator" value="&#10;"/>
    <property name="java.vm.specification.vendor" value="Oracle Corporation"/>
    <property name="user.variant" value=""/>
    <property name="os.name" value="Windows 8.1"/>
    <property name="classworlds.conf" value="E:\eclipseSpace\.metadata\.plugins\org.eclipse.m2e.launching\launches\m2conf6880352953572333416.tmp"/>
    <property name="sun.jnu.encoding" value="GBK"/>
    <property name="java.library.path" value="D:\workLsx\jdk\bin;C:\WINDOWS\Sun\Java\bin;C:\WINDOWS\system32;C:\WINDOWS;D:/workLsx/jdk/bin/../jre/bin/server;D:/workLsx/jdk/bin/../jre/bin;D:/workLsx/jdk/bin/../jre/lib/amd64;C:\Users\dell\AppData\Roaming\npm\node_modules;D:\utils\Sublime Text 2;D:\utils\python27\;D:\utils\python27\Scripts;D:\workLsx\jdk\bin\;C:\Program Files (x86)\Intel\iCLS Client\;C:\Program Files\Intel\iCLS Client\;C:\WINDOWS\system32;C:\WINDOWS;C:\WINDOWS\System32\Wbem;C:\WINDOWS\System32\WindowsPowerShell\v1.0\;C:\Program Files\Intel\Intel(R) Management Engine Components\DAL;C:\Program Files (x86)\Intel\Intel(R) Management Engine Components\DAL;C:\Program Files\Intel\Intel(R) Management Engine Components\IPT;C:\Program Files (x86)\Intel\Intel(R) Management Engine Components\IPT;c:\Program Files (x86)\ATI Technologies\ATI.ACE\Core-Static;D:\workLsx\jdk\jre\bin\;D:\utils\Python34;D:\workLsx\apache-maven-3.3.3\bin;D:\workLsx\mysql-5.6.24-winx64\bin;C:\Program Files\Intel\WiFi\bin\;C:\Program Files\Common Files\Intel\WirelessCommon\;D:\utils\apache-ant-1.9.5\bin;C:\Program Files (x86)\Skype\Phone\;D:\utils\git\Git\cmd;D:\utils\scala\bin;D:\utils\scala\jre\bin;D:\utils\redis\64bit;D:\utils\visualSVNServer\bin;D:\workLsx\nodejs\;D:\workLsx\apache-cassandra-2.1.5\bin;D:\workLsx\nexus2\nexus-2.14.4-03\bin;D:\utils\ruby22\Ruby22-x64\bin;D:\workLsx\nodejs;C:\Program Files\Intel\WiFi\bin\;C:\Program Files\Common Files\Intel\WirelessCommon\;D:\utils\androidStudio\android-sdk-windows\platform-tools;D:\utils\androidStudio\android-sdk-windows\tools;C:\Users\dell\AppData\Local\Microsoft\WindowsApps;C:\Users\dell\AppData\Roaming\npm;D:\utils\Docker Toolbox;D:\workLsx\eclipse;;."/>
    <property name="java.specification.name" value="Java Platform API Specification"/>
    <property name="java.class.version" value="51.0"/>
    <property name="sun.management.compiler" value="HotSpot 64-Bit Tiered Compilers"/>
    <property name="os.version" value="6.3"/>
    <property name="user.home" value="C:\Users\dell"/>
    <property name="user.timezone" value="Asia/Shanghai"/>
    <property name="java.awt.printerjob" value="sun.awt.windows.WPrinterJob"/>
    <property name="java.specification.version" value="1.7"/>
    <property name="file.encoding" value="UTF-8"/>
    <property name="user.name" value="lsx"/>
    <property name="java.class.path" value="D:\workLsx\apache-maven-3.3.3\boot\plexus-classworlds-2.5.2.jar"/>
    <property name="java.vm.specification.version" value="1.7"/>
    <property name="sun.arch.data.model" value="64"/>
    <property name="java.home" value="D:\workLsx\jdk\jre"/>
    <property name="sun.java.command" value="org.codehaus.classworlds.Launcher -B -s D:\workLsx\apache-maven-3.3.3\conf\settings.xml package"/>
    <property name="java.specification.vendor" value="Oracle Corporation"/>
    <property name="user.language" value="zh"/>
    <property name="awt.toolkit" value="sun.awt.windows.WToolkit"/>
    <property name="java.vm.info" value="mixed mode"/>
    <property name="java.version" value="1.7.0_67"/>
    <property name="java.ext.dirs" value="D:\workLsx\jdk\jre\lib\ext;C:\WINDOWS\Sun\Java\lib\ext"/>
    <property name="sun.boot.class.path" value="D:\workLsx\jdk\jre\lib\resources.jar;D:\workLsx\jdk\jre\lib\rt.jar;D:\workLsx\jdk\jre\lib\sunrsasign.jar;D:\workLsx\jdk\jre\lib\jsse.jar;D:\workLsx\jdk\jre\lib\jce.jar;D:\workLsx\jdk\jre\lib\charsets.jar;D:\workLsx\jdk\jre\lib\jfr.jar;D:\workLsx\jdk\jre\classes"/>
    <property name="java.vendor" value="Oracle Corporation"/>
    <property name="maven.home" value="D:\workLsx\apache-maven-3.3.3"/>
    <property name="file.separator" value="\"/>
    <property name="java.vendor.url.bug" value="http://bugreport.sun.com/bugreport/"/>
    <property name="maven.bootclasspath" value="D:\workLsx\apache-maven-3.3.3\boot\plexus-classworlds-2.5.2.jar"/>
    <property name="sun.cpu.endian" value="little"/>
    <property name="sun.io.unicode.encoding" value="UnicodeLittle"/>
    <property name="sun.desktop" value="windows"/>
    <property name="sun.cpu.isalist" value="amd64"/>
  </properties>
  <testcase name="testLoadByUsername" classname="zttc.itat.user.service.TestUserService" time="0.05"/>
  <testcase name="testAdd" classname="zttc.itat.user.service.TestUserService" time="0"/>
</testsuite>